Project/app/build/intermediates/manifest_merge_blame_file/debug/manifest-merger-blame-debug-report.txt
1<?xml version="1.0" encoding="utf-8"?>
2<manifest xmlns:android="http://schemas.android.com/apk/res/android"
3    package="com.example.catgame"
4    android:versionCode="1"
5    android:versionName="1.0" >
6
7    <uses-sdk
8        android:minSdkVersion="29"
8-->src\main\AndroidManifest.xml
9        android:targetSdkVersion="30" />
9-->src\main\AndroidManifest.xml
10
11    <uses-permission android:name="android.permission.WAKE_LOCK" />
11-->[androidx.work:work-runtime:2.4.0] AndroidManifest.xml:25:5-68
11-->[androidx.work:work-runtime:2.4.0] AndroidManifest.xml:25:22-65
12    <uses-permission android:name="android.permission.ACCESS_NETWORK_STATE" />
12-->[androidx.work:work-runtime:2.4.0] AndroidManifest.xml:26:5-79
12-->[androidx.work:work-runtime:2.4.0] AndroidManifest.xml:26:22-76
13    <uses-permission android:name="android.permission.RECEIVE_BOOT_COMPLETED" />
13-->[androidx.work:work-runtime:2.4.0] AndroidManifest.xml:27:5-81
13-->[androidx.work:work-runtime:2.4.0] AndroidManifest.xml:27:22-78
14    <uses-permission android:name="android.permission.FOREGROUND_SERVICE" />
14-->[androidx.work:work-runtime:2.4.0] AndroidManifest.xml:28:5-77
14-->[androidx.work:work-runtime:2.4.0] AndroidManifest.xml:28:22-74
15
16    <application
16-->src\main\AndroidManifest.xml:5:5-19:19
17        android:allowBackup="true"
17-->src\main\AndroidManifest.xml:6:9-35
18        android:appComponentFactory="androidx.core.app.CoreComponentFactory"
18-->[androidx.core:core:1.3.2] AndroidManifest.xml:24:18-86
19        android:debuggable="true"
20        android:extractNativeLibs="false"
21        android:icon="@mipmap/ic_launcher"
21-->src\main\AndroidManifest.xml:7:9-43
22        android:label="@string/app_name"
22-->src\main\AndroidManifest.xml:8:9-41
23        android:roundIcon="@mipmap/ic_launcher_round"
23-->src\main\AndroidManifest.xml:9:9-54
24        android:supportsRtl="true"
24-->src\main\AndroidManifest.xml:10:9-35
25        android:testOnly="true"
26        android:theme="@style/AppTheme" >
26-->src\main\AndroidManifest.xml:11:9-40
27        <activity android:name="com.example.catgame.MainActivity" >
27-->src\main\AndroidManifest.xml:12:9-18:20
27-->src\main\AndroidManifest.xml:12:19-47
28            <intent-filter>
28-->src\main\AndroidManifest.xml:13:13-17:29
29                <action android:name="android.intent.action.MAIN" />
29-->src\main\AndroidManifest.xml:14:17-69
29-->src\main\AndroidManifest.xml:14:25-66
30
31                <category android:name="android.intent.category.LAUNCHER" />
31-->src\main\AndroidManifest.xml:16:17-77
31-->src\main\AndroidManifest.xml:16:27-74
32            </intent-filter>
33        </activity>
34
35        <provider
35-->[androidx.work:work-runtime:2.4.0] AndroidManifest.xml:31:9-37:35
36            android:name="androidx.work.impl.WorkManagerInitializer"
36-->[androidx.work:work-runtime:2.4.0] AndroidManifest.xml:32:13-69
37            android:authorities="com.example.catgame.workmanager-init"
37-->[androidx.work:work-runtime:2.4.0] AndroidManifest.xml:33:13-68
38            android:directBootAware="false"
38-->[androidx.work:work-runtime:2.4.0] AndroidManifest.xml:34:13-44
39            android:exported="false"
39-->[androidx.work:work-runtime:2.4.0] AndroidManifest.xml:35:13-37
40            android:multiprocess="true" />
40-->[androidx.work:work-runtime:2.4.0] AndroidManifest.xml:36:13-40
41
42        <service
42-->[androidx.work:work-runtime:2.4.0] AndroidManifest.xml:39:9-44:35
43            android:name="androidx.work.impl.background.systemalarm.SystemAlarmService"
43-->[androidx.work:work-runtime:2.4.0] AndroidManifest.xml:40:13-88
44            android:directBootAware="false"
44-->[androidx.work:work-runtime:2.4.0] AndroidManifest.xml:41:13-44
45            android:enabled="@bool/enable_system_alarm_service_default"
45-->[androidx.work:work-runtime:2.4.0] AndroidManifest.xml:42:13-72
46            android:exported="false" />
46-->[androidx.work:work-runtime:2.4.0] AndroidManifest.xml:43:13-37
47        <service
47-->[androidx.work:work-runtime:2.4.0] AndroidManifest.xml:45:9-51:35
48            android:name="androidx.work.impl.background.systemjob.SystemJobService"
48-->[androidx.work:work-runtime:2.4.0] AndroidManifest.xml:46:13-84
49            android:directBootAware="false"
49-->[androidx.work:work-runtime:2.4.0] AndroidManifest.xml:47:13-44
50            android:enabled="@bool/enable_system_job_service_default"
50-->[androidx.work:work-runtime:2.4.0] AndroidManifest.xml:48:13-70
51            android:exported="true"
51-->[androidx.work:work-runtime:2.4.0] AndroidManifest.xml:49:13-36
52            android:permission="android.permission.BIND_JOB_SERVICE" />
52-->[androidx.work:work-runtime:2.4.0] AndroidManifest.xml:50:13-69
53        <service
53-->[androidx.work:work-runtime:2.4.0] AndroidManifest.xml:52:9-57:35
54            android:name="androidx.work.impl.foreground.SystemForegroundService"
54-->[androidx.work:work-runtime:2.4.0] AndroidManifest.xml:53:13-81
55            android:directBootAware="false"
55-->[androidx.work:work-runtime:2.4.0] AndroidManifest.xml:54:13-44
56            android:enabled="@bool/enable_system_foreground_service_default"
56-->[androidx.work:work-runtime:2.4.0] AndroidManifest.xml:55:13-77
57            android:exported="false" />
57-->[androidx.work:work-runtime:2.4.0] AndroidManifest.xml:56:13-37
58
59        <receiver
59-->[androidx.work:work-runtime:2.4.0] AndroidManifest.xml:59:9-64:35
60            android:name="androidx.work.impl.utils.ForceStopRunnable$BroadcastReceiver"
60-->[androidx.work:work-runtime:2.4.0] AndroidManifest.xml:60:13-88
61            android:directBootAware="false"
61-->[androidx.work:work-runtime:2.4.0] AndroidManifest.xml:61:13-44
62            android:enabled="true"
62-->[androidx.work:work-runtime:2.4.0] AndroidManifest.xml:62:13-35
63            android:exported="false" />
63-->[androidx.work:work-runtime:2.4.0] AndroidManifest.xml:63:13-37
64        <receiver
64-->[androidx.work:work-runtime:2.4.0] AndroidManifest.xml:65:9-75:20
65            android:name="androidx.work.impl.background.systemalarm.ConstraintProxy$BatteryChargingProxy"
65-->[androidx.work:work-runtime:2.4.0] AndroidManifest.xml:66:13-106
66            android:directBootAware="false"
66-->[androidx.work:work-runtime:2.4.0] AndroidManifest.xml:67:13-44
67            android:enabled="false"
67-->[androidx.work:work-runtime:2.4.0] AndroidManifest.xml:68:13-36
68            android:exported="false" >
68-->[androidx.work:work-runtime:2.4.0] AndroidManifest.xml:69:13-37
69            <intent-filter>
69-->[androidx.work:work-runtime:2.4.0] AndroidManifest.xml:71:13-74:29
70                <action android:name="android.intent.action.ACTION_POWER_CONNECTED" />
70-->[androidx.work:work-runtime:2.4.0] AndroidManifest.xml:72:17-87
70-->[androidx.work:work-runtime:2.4.0] AndroidManifest.xml:72:25-84
71                <action android:name="android.intent.action.ACTION_POWER_DISCONNECTED" />
71-->[androidx.work:work-runtime:2.4.0] AndroidManifest.xml:73:17-90
71-->[androidx.work:work-runtime:2.4.0] AndroidManifest.xml:73:25-87
72            </intent-filter>
73        </receiver>
74        <receiver
74-->[androidx.work:work-runtime:2.4.0] AndroidManifest.xml:76:9-86:20
75            android:name="androidx.work.impl.background.systemalarm.ConstraintProxy$BatteryNotLowProxy"
75-->[androidx.work:work-runtime:2.4.0] AndroidManifest.xml:77:13-104
76            android:directBootAware="false"
76-->[androidx.work:work-runtime:2.4.0] AndroidManifest.xml:78:13-44
77            android:enabled="false"
77-->[androidx.work:work-runtime:2.4.0] AndroidManifest.xml:79:13-36
78            android:exported="false" >
78-->[androidx.work:work-runtime:2.4.0] AndroidManifest.xml:80:13-37
79            <intent-filter>
79-->[androidx.work:work-runtime:2.4.0] AndroidManifest.xml:82:13-85:29
80                <action android:name="android.intent.action.BATTERY_OKAY" />
80-->[androidx.work:work-runtime:2.4.0] AndroidManifest.xml:83:17-77
80-->[androidx.work:work-runtime:2.4.0] AndroidManifest.xml:83:25-74
81                <action android:name="android.intent.action.BATTERY_LOW" />
81-->[androidx.work:work-runtime:2.4.0] AndroidManifest.xml:84:17-76
81-->[androidx.work:work-runtime:2.4.0] AndroidManifest.xml:84:25-73
82            </intent-filter>
83        </receiver>
84        <receiver
84-->[androidx.work:work-runtime:2.4.0] AndroidManifest.xml:87:9-97:20
85            android:name="androidx.work.impl.background.systemalarm.ConstraintProxy$StorageNotLowProxy"
85-->[androidx.work:work-runtime:2.4.0] AndroidManifest.xml:88:13-104
86            android:directBootAware="false"
86-->[androidx.work:work-runtime:2.4.0] AndroidManifest.xml:89:13-44
87            android:enabled="false"
87-->[androidx.work:work-runtime:2.4.0] AndroidManifest.xml:90:13-36
88            android:exported="false" >
88-->[androidx.work:work-runtime:2.4.0] AndroidManifest.xml:91:13-37
89            <intent-filter>
89-->[androidx.work:work-runtime:2.4.0] AndroidManifest.xml:93:13-96:29
90                <action android:name="android.intent.action.DEVICE_STORAGE_LOW" />
90-->[androidx.work:work-runtime:2.4.0] AndroidManifest.xml:94:17-83
90-->[androidx.work:work-runtime:2.4.0] AndroidManifest.xml:94:25-80
91                <action android:name="android.intent.action.DEVICE_STORAGE_OK" />
91-->[androidx.work:work-runtime:2.4.0] AndroidManifest.xml:95:17-82
91-->[androidx.work:work-runtime:2.4.0] AndroidManifest.xml:95:25-79
92            </intent-filter>
93        </receiver>
94        <receiver
94-->[androidx.work:work-runtime:2.4.0] AndroidManifest.xml:98:9-107:20
95            android:name="androidx.work.impl.background.systemalarm.ConstraintProxy$NetworkStateProxy"
95-->[androidx.work:work-runtime:2.4.0] AndroidManifest.xml:99:13-103
96            android:directBootAware="false"
96-->[androidx.work:work-runtime:2.4.0] AndroidManifest.xml:100:13-44
97            android:enabled="false"
97-->[androidx.work:work-runtime:2.4.0] AndroidManifest.xml:101:13-36
98            android:exported="false" >
98-->[androidx.work:work-runtime:2.4.0] AndroidManifest.xml:102:13-37
99            <intent-filter>
99-->[androidx.work:work-runtime:2.4.0] AndroidManifest.xml:104:13-106:29
100                <action android:name="android.net.conn.CONNECTIVITY_CHANGE" />
100-->[androidx.work:work-runtime:2.4.0] AndroidManifest.xml:105:17-79
100-->[androidx.work:work-runtime:2.4.0] AndroidManifest.xml:105:25-76
101            </intent-filter>
102        </receiver>
103        <receiver
103-->[androidx.work:work-runtime:2.4.0] AndroidManifest.xml:108:9-119:20
104            android:name="androidx.work.impl.background.systemalarm.RescheduleReceiver"
104-->[androidx.work:work-runtime:2.4.0] AndroidManifest.xml:109:13-88
105            android:directBootAware="false"
105-->[androidx.work:work-runtime:2.4.0] AndroidManifest.xml:110:13-44
106            android:enabled="false"
106-->[androidx.work:work-runtime:2.4.0] AndroidManifest.xml:111:13-36
107            android:exported="false" >
107-->[androidx.work:work-runtime:2.4.0] AndroidManifest.xml:112:13-37
108            <intent-filter>
108-->[androidx.work:work-runtime:2.4.0] AndroidManifest.xml:114:13-118:29
109                <action android:name="android.intent.action.BOOT_COMPLETED" />
109-->[androidx.work:work-runtime:2.4.0] AndroidManifest.xml:115:17-79
109-->[androidx.work:work-runtime:2.4.0] AndroidManifest.xml:115:25-76
110                <action android:name="android.intent.action.TIME_SET" />
110-->[androidx.work:work-runtime:2.4.0] AndroidManifest.xml:116:17-73
110-->[androidx.work:work-runtime:2.4.0] AndroidManifest.xml:116:25-70
111                <action android:name="android.intent.action.TIMEZONE_CHANGED" />
111-->[androidx.work:work-runtime:2.4.0] AndroidManifest.xml:117:17-81
111-->[androidx.work:work-runtime:2.4.0] AndroidManifest.xml:117:25-78
112            </intent-filter>
113        </receiver>
114        <receiver
114-->[androidx.work:work-runtime:2.4.0] AndroidManifest.xml:120:9-129:20
115            android:name="androidx.work.impl.background.systemalarm.ConstraintProxyUpdateReceiver"
115-->[androidx.work:work-runtime:2.4.0] AndroidManifest.xml:121:13-99
116            android:directBootAware="false"
116-->[androidx.work:work-runtime:2.4.0] AndroidManifest.xml:122:13-44
117            android:enabled="@bool/enable_system_alarm_service_default"
117-->[androidx.work:work-runtime:2.4.0] AndroidManifest.xml:123:13-72
118            android:exported="false" >
118-->[androidx.work:work-runtime:2.4.0] AndroidManifest.xml:124:13-37
119            <intent-filter>
119-->[androidx.work:work-runtime:2.4.0] AndroidManifest.xml:126:13-128:29
120                <action android:name="androidx.work.impl.background.systemalarm.UpdateProxies" />
120-->[androidx.work:work-runtime:2.4.0] AndroidManifest.xml:127:17-98
120-->[androidx.work:work-runtime:2.4.0] AndroidManifest.xml:127:25-95
121            </intent-filter>
122        </receiver>
123        <receiver
123-->[androidx.work:work-runtime:2.4.0] AndroidManifest.xml:130:9-140:20
124            android:name="androidx.work.impl.diagnostics.DiagnosticsReceiver"
124-->[androidx.work:work-runtime:2.4.0] AndroidManifest.xml:131:13-78
125            android:directBootAware="false"
125-->[androidx.work:work-runtime:2.4.0] AndroidManifest.xml:132:13-44
126            android:enabled="true"
126-->[androidx.work:work-runtime:2.4.0] AndroidManifest.xml:133:13-35
127            android:exported="true"
127-->[androidx.work:work-runtime:2.4.0] AndroidManifest.xml:134:13-36
128            android:permission="android.permission.DUMP" >
128-->[androidx.work:work-runtime:2.4.0] AndroidManifest.xml:135:13-57
129            <intent-filter>
129-->[androidx.work:work-runtime:2.4.0] AndroidManifest.xml:137:13-139:29
130                <action android:name="androidx.work.diagnostics.REQUEST_DIAGNOSTICS" />
130-->[androidx.work:work-runtime:2.4.0] AndroidManifest.xml:138:17-88
130-->[androidx.work:work-runtime:2.4.0] AndroidManifest.xml:138:25-85
131            </intent-filter>
132        </receiver>
133
134        <service
134-->[androidx.room:room-runtime:2.2.5] AndroidManifest.xml:25:9-28:40
135            android:name="androidx.room.MultiInstanceInvalidationService"
135-->[androidx.room:room-runtime:2.2.5] AndroidManifest.xml:26:13-74
136            android:directBootAware="true"
136-->[androidx.room:room-runtime:2.2.5] AndroidManifest.xml:27:13-43
137            android:exported="false" />
137-->[androidx.room:room-runtime:2.2.5] AndroidManifest.xml:28:13-37
138    </application>
139
140</manifest>